Fitting 4 folds for each of 16 candidates, totalling 64 fits
[CV 2/4] END C=0.001, multi_class=ovr, penalty=l1, random_state=420, solver=liblinear;, score=(train=0.119, test=0.119) total time=   0.8s
[CV 4/4] END C=0.001, multi_class=ovr, penalty=l1, random_state=420, solver=liblinear;, score=(train=0.119, test=0.119) total time=   0.8s
[CV 1/4] END C=0.001, multi_class=ovr, penalty=l1, random_state=420, solver=liblinear;, score=(train=0.119, test=0.119) total time=   0.8s
[CV 3/4] END C=0.001, multi_class=ovr, penalty=l1, random_state=420, solver=liblinear;, score=(train=0.119, test=0.119) total time=   0.9s
[CV 1/4] END C=0.001, multi_class=ovr, penalty=l1, random_state=420, solver=saga;, score=(train=0.105, test=0.105) total time=   1.2s
[CV 2/4] END C=0.001, multi_class=ovr, penalty=l1, random_state=420, solver=saga;, score=(train=0.105, test=0.105) total time=   1.3s
[CV 4/4] END C=0.001, multi_class=ovr, penalty=l1, random_state=420, solver=saga;, score=(train=0.119, test=0.119) total time=   1.3s
[CV 3/4] END C=0.001, multi_class=ovr, penalty=l1, random_state=420, solver=saga;, score=(train=0.105, test=0.104) total time=   1.3s
[CV 1/4] END C=0.01, multi_class=ovr, penalty=l1, random_state=420, solver=liblinear;, score=(train=0.843, test=0.839) total time=   1.7s
[CV 3/4] END C=0.01, multi_class=ovr, penalty=l1, random_state=420, solver=liblinear;, score=(train=0.846, test=0.819) total time=   1.8s
[CV 2/4] END C=0.01, multi_class=ovr, penalty=l1, random_state=420, solver=liblinear;, score=(train=0.851, test=0.830) total time=   1.9s
[CV 4/4] END C=0.01, multi_class=ovr, penalty=l1, random_state=420, solver=liblinear;, score=(train=0.847, test=0.829) total time=   1.9s
/Users/vansh/anaconda3/envs/torch-ai/lib/python3.11/site-packages/sklearn/linear_model/_sag.py:350: ConvergenceWarning: The max_iter was reached which means the coef_ did not converge
  warnings.warn(
/Users/vansh/anaconda3/envs/torch-ai/lib/python3.11/site-packages/sklearn/linear_model/_sag.py:350: ConvergenceWarning: The max_iter was reached which means the coef_ did not converge
  warnings.warn(
/Users/vansh/anaconda3/envs/torch-ai/lib/python3.11/site-packages/sklearn/linear_model/_sag.py:350: ConvergenceWarning: The max_iter was reached which means the coef_ did not converge
  warnings.warn(
/Users/vansh/anaconda3/envs/torch-ai/lib/python3.11/site-packages/sklearn/linear_model/_sag.py:350: ConvergenceWarning: The max_iter was reached which means the coef_ did not converge
  warnings.warn(
/Users/vansh/anaconda3/envs/torch-ai/lib/python3.11/site-packages/sklearn/linear_model/_sag.py:350: ConvergenceWarning: The max_iter was reached which means the coef_ did not converge
  warnings.warn(
/Users/vansh/anaconda3/envs/torch-ai/lib/python3.11/site-packages/sklearn/linear_model/_sag.py:350: ConvergenceWarning: The max_iter was reached which means the coef_ did not converge
  warnings.warn(
/Users/vansh/anaconda3/envs/torch-ai/lib/python3.11/site-packages/sklearn/linear_model/_sag.py:350: ConvergenceWarning: The max_iter was reached which means the coef_ did not converge
  warnings.warn(
[CV 2/4] END C=0.001, multi_class=ovr, penalty=l2, random_state=420, solver=liblinear;, score=(train=0.872, test=0.846) total time=   5.5s
[CV 4/4] END C=0.001, multi_class=ovr, penalty=l2, random_state=420, solver=liblinear;, score=(train=0.872, test=0.839) total time=   5.5s
[CV 1/4] END C=0.001, multi_class=ovr, penalty=l2, random_state=420, solver=liblinear;, score=(train=0.869, test=0.866) total time=   5.6s
[CV 3/4] END C=0.001, multi_class=ovr, penalty=l2, random_state=420, solver=liblinear;, score=(train=0.869, test=0.852) total time=   5.6s
/Users/vansh/anaconda3/envs/torch-ai/lib/python3.11/site-packages/sklearn/linear_model/_sag.py:350: ConvergenceWarning: The max_iter was reached which means the coef_ did not converge
  warnings.warn(
/Users/vansh/anaconda3/envs/torch-ai/lib/python3.11/site-packages/sklearn/linear_model/_sag.py:350: ConvergenceWarning: The max_iter was reached which means the coef_ did not converge
  warnings.warn(
/Users/vansh/anaconda3/envs/torch-ai/lib/python3.11/site-packages/sklearn/linear_model/_sag.py:350: ConvergenceWarning: The max_iter was reached which means the coef_ did not converge
  warnings.warn(
/Users/vansh/anaconda3/envs/torch-ai/lib/python3.11/site-packages/sklearn/linear_model/_sag.py:350: ConvergenceWarning: The max_iter was reached which means the coef_ did not converge
  warnings.warn(
/Users/vansh/anaconda3/envs/torch-ai/lib/python3.11/site-packages/sklearn/linear_model/_sag.py:350: ConvergenceWarning: The max_iter was reached which means the coef_ did not converge
  warnings.warn(
/Users/vansh/anaconda3/envs/torch-ai/lib/python3.11/site-packages/sklearn/linear_model/_sag.py:350: ConvergenceWarning: The max_iter was reached which means the coef_ did not converge
  warnings.warn(
/Users/vansh/anaconda3/envs/torch-ai/lib/python3.11/site-packages/sklearn/linear_model/_sag.py:350: ConvergenceWarning: The max_iter was reached which means the coef_ did not converge
  warnings.warn(
/Users/vansh/anaconda3/envs/torch-ai/lib/python3.11/site-packages/sklearn/linear_model/_sag.py:350: ConvergenceWarning: The max_iter was reached which means the coef_ did not converge
  warnings.warn(
/Users/vansh/anaconda3/envs/torch-ai/lib/python3.11/site-packages/sklearn/linear_model/_sag.py:350: ConvergenceWarning: The max_iter was reached which means the coef_ did not converge
  warnings.warn(
/Users/vansh/anaconda3/envs/torch-ai/lib/python3.11/site-packages/sklearn/linear_model/_sag.py:350: ConvergenceWarning: The max_iter was reached which means the coef_ did not converge
  warnings.warn(
/Users/vansh/anaconda3/envs/torch-ai/lib/python3.11/site-packages/sklearn/linear_model/_sag.py:350: ConvergenceWarning: The max_iter was reached which means the coef_ did not converge
  warnings.warn(
/Users/vansh/anaconda3/envs/torch-ai/lib/python3.11/site-packages/sklearn/linear_model/_sag.py:350: ConvergenceWarning: The max_iter was reached which means the coef_ did not converge
  warnings.warn(
/Users/vansh/anaconda3/envs/torch-ai/lib/python3.11/site-packages/sklearn/linear_model/_sag.py:350: ConvergenceWarning: The max_iter was reached which means the coef_ did not converge
  warnings.warn(
/Users/vansh/anaconda3/envs/torch-ai/lib/python3.11/site-packages/sklearn/linear_model/_sag.py:350: ConvergenceWarning: The max_iter was reached which means the coef_ did not converge
  warnings.warn(
/Users/vansh/anaconda3/envs/torch-ai/lib/python3.11/site-packages/sklearn/linear_model/_sag.py:350: ConvergenceWarning: The max_iter was reached which means the coef_ did not converge
  warnings.warn(
/Users/vansh/anaconda3/envs/torch-ai/lib/python3.11/site-packages/sklearn/linear_model/_sag.py:350: ConvergenceWarning: The max_iter was reached which means the coef_ did not converge
  warnings.warn(
/Users/vansh/anaconda3/envs/torch-ai/lib/python3.11/site-packages/sklearn/linear_model/_sag.py:350: ConvergenceWarning: The max_iter was reached which means the coef_ did not converge
  warnings.warn(
/Users/vansh/anaconda3/envs/torch-ai/lib/python3.11/site-packages/sklearn/linear_model/_sag.py:350: ConvergenceWarning: The max_iter was reached which means the coef_ did not converge
  warnings.warn(
/Users/vansh/anaconda3/envs/torch-ai/lib/python3.11/site-packages/sklearn/linear_model/_sag.py:350: ConvergenceWarning: The max_iter was reached which means the coef_ did not converge
  warnings.warn(
/Users/vansh/anaconda3/envs/torch-ai/lib/python3.11/site-packages/sklearn/linear_model/_sag.py:350: ConvergenceWarning: The max_iter was reached which means the coef_ did not converge
  warnings.warn(
/Users/vansh/anaconda3/envs/torch-ai/lib/python3.11/site-packages/sklearn/linear_model/_sag.py:350: ConvergenceWarning: The max_iter was reached which means the coef_ did not converge
  warnings.warn(
/Users/vansh/anaconda3/envs/torch-ai/lib/python3.11/site-packages/sklearn/linear_model/_sag.py:350: ConvergenceWarning: The max_iter was reached which means the coef_ did not converge
  warnings.warn(
/Users/vansh/anaconda3/envs/torch-ai/lib/python3.11/site-packages/sklearn/linear_model/_sag.py:350: ConvergenceWarning: The max_iter was reached which means the coef_ did not converge
  warnings.warn(
/Users/vansh/anaconda3/envs/torch-ai/lib/python3.11/site-packages/sklearn/linear_model/_sag.py:350: ConvergenceWarning: The max_iter was reached which means the coef_ did not converge
  warnings.warn(
/Users/vansh/anaconda3/envs/torch-ai/lib/python3.11/site-packages/sklearn/linear_model/_sag.py:350: ConvergenceWarning: The max_iter was reached which means the coef_ did not converge
  warnings.warn(
[CV 4/4] END C=0.01, multi_class=ovr, penalty=l2, random_state=420, solver=liblinear;, score=(train=0.919, test=0.871) total time=   8.1s
/Users/vansh/anaconda3/envs/torch-ai/lib/python3.11/site-packages/sklearn/linear_model/_sag.py:350: ConvergenceWarning: The max_iter was reached which means the coef_ did not converge
  warnings.warn(
/Users/vansh/anaconda3/envs/torch-ai/lib/python3.11/site-packages/sklearn/linear_model/_sag.py:350: ConvergenceWarning: The max_iter was reached which means the coef_ did not converge
  warnings.warn(
/Users/vansh/anaconda3/envs/torch-ai/lib/python3.11/site-packages/sklearn/linear_model/_sag.py:350: ConvergenceWarning: The max_iter was reached which means the coef_ did not converge
  warnings.warn(
[CV 1/4] END C=0.01, multi_class=ovr, penalty=l2, random_state=420, solver=liblinear;, score=(train=0.915, test=0.889) total time=   8.5s
[CV 3/4] END C=0.01, multi_class=ovr, penalty=l2, random_state=420, solver=liblinear;, score=(train=0.921, test=0.873) total time=   8.6s
[CV 2/4] END C=0.01, multi_class=ovr, penalty=l2, random_state=420, solver=liblinear;, score=(train=0.922, test=0.871) total time=   8.7s
/Users/vansh/anaconda3/envs/torch-ai/lib/python3.11/site-packages/sklearn/linear_model/_sag.py:350: ConvergenceWarning: The max_iter was reached which means the coef_ did not converge
  warnings.warn(
/Users/vansh/anaconda3/envs/torch-ai/lib/python3.11/site-packages/sklearn/linear_model/_sag.py:350: ConvergenceWarning: The max_iter was reached which means the coef_ did not converge
  warnings.warn(
/Users/vansh/anaconda3/envs/torch-ai/lib/python3.11/site-packages/sklearn/linear_model/_sag.py:350: ConvergenceWarning: The max_iter was reached which means the coef_ did not converge
  warnings.warn(
/Users/vansh/anaconda3/envs/torch-ai/lib/python3.11/site-packages/sklearn/linear_model/_sag.py:350: ConvergenceWarning: The max_iter was reached which means the coef_ did not converge
  warnings.warn(
/Users/vansh/anaconda3/envs/torch-ai/lib/python3.11/site-packages/sklearn/linear_model/_sag.py:350: ConvergenceWarning: The max_iter was reached which means the coef_ did not converge
  warnings.warn(
/Users/vansh/anaconda3/envs/torch-ai/lib/python3.11/site-packages/sklearn/linear_model/_sag.py:350: ConvergenceWarning: The max_iter was reached which means the coef_ did not converge
  warnings.warn(
/Users/vansh/anaconda3/envs/torch-ai/lib/python3.11/site-packages/sklearn/linear_model/_sag.py:350: ConvergenceWarning: The max_iter was reached which means the coef_ did not converge
  warnings.warn(
/Users/vansh/anaconda3/envs/torch-ai/lib/python3.11/site-packages/sklearn/linear_model/_sag.py:350: ConvergenceWarning: The max_iter was reached which means the coef_ did not converge
  warnings.warn(
/Users/vansh/anaconda3/envs/torch-ai/lib/python3.11/site-packages/sklearn/linear_model/_sag.py:350: ConvergenceWarning: The max_iter was reached which means the coef_ did not converge
  warnings.warn(
/Users/vansh/anaconda3/envs/torch-ai/lib/python3.11/site-packages/sklearn/linear_model/_sag.py:350: ConvergenceWarning: The max_iter was reached which means the coef_ did not converge
  warnings.warn(
/Users/vansh/anaconda3/envs/torch-ai/lib/python3.11/site-packages/sklearn/linear_model/_sag.py:350: ConvergenceWarning: The max_iter was reached which means the coef_ did not converge
  warnings.warn(
/Users/vansh/anaconda3/envs/torch-ai/lib/python3.11/site-packages/sklearn/linear_model/_sag.py:350: ConvergenceWarning: The max_iter was reached which means the coef_ did not converge
  warnings.warn(
/Users/vansh/anaconda3/envs/torch-ai/lib/python3.11/site-packages/sklearn/linear_model/_sag.py:350: ConvergenceWarning: The max_iter was reached which means the coef_ did not converge
  warnings.warn(
/Users/vansh/anaconda3/envs/torch-ai/lib/python3.11/site-packages/sklearn/linear_model/_sag.py:350: ConvergenceWarning: The max_iter was reached which means the coef_ did not converge
  warnings.warn(
/Users/vansh/anaconda3/envs/torch-ai/lib/python3.11/site-packages/sklearn/linear_model/_sag.py:350: ConvergenceWarning: The max_iter was reached which means the coef_ did not converge
  warnings.warn(
/Users/vansh/anaconda3/envs/torch-ai/lib/python3.11/site-packages/sklearn/linear_model/_sag.py:350: ConvergenceWarning: The max_iter was reached which means the coef_ did not converge
  warnings.warn(
/Users/vansh/anaconda3/envs/torch-ai/lib/python3.11/site-packages/sklearn/linear_model/_sag.py:350: ConvergenceWarning: The max_iter was reached which means the coef_ did not converge
  warnings.warn(
/Users/vansh/anaconda3/envs/torch-ai/lib/python3.11/site-packages/sklearn/linear_model/_sag.py:350: ConvergenceWarning: The max_iter was reached which means the coef_ did not converge
  warnings.warn(
/Users/vansh/anaconda3/envs/torch-ai/lib/python3.11/site-packages/sklearn/linear_model/_sag.py:350: ConvergenceWarning: The max_iter was reached which means the coef_ did not converge
  warnings.warn(
/Users/vansh/anaconda3/envs/torch-ai/lib/python3.11/site-packages/sklearn/linear_model/_sag.py:350: ConvergenceWarning: The max_iter was reached which means the coef_ did not converge
  warnings.warn(
/Users/vansh/anaconda3/envs/torch-ai/lib/python3.11/site-packages/sklearn/linear_model/_sag.py:350: ConvergenceWarning: The max_iter was reached which means the coef_ did not converge
  warnings.warn(
/Users/vansh/anaconda3/envs/torch-ai/lib/python3.11/site-packages/sklearn/linear_model/_sag.py:350: ConvergenceWarning: The max_iter was reached which means the coef_ did not converge
  warnings.warn(
/Users/vansh/anaconda3/envs/torch-ai/lib/python3.11/site-packages/sklearn/linear_model/_sag.py:350: ConvergenceWarning: The max_iter was reached which means the coef_ did not converge
  warnings.warn(
/Users/vansh/anaconda3/envs/torch-ai/lib/python3.11/site-packages/sklearn/linear_model/_sag.py:350: ConvergenceWarning: The max_iter was reached which means the coef_ did not converge
  warnings.warn(
/Users/vansh/anaconda3/envs/torch-ai/lib/python3.11/site-packages/sklearn/linear_model/_sag.py:350: ConvergenceWarning: The max_iter was reached which means the coef_ did not converge
  warnings.warn(
/Users/vansh/anaconda3/envs/torch-ai/lib/python3.11/site-packages/sklearn/linear_model/_sag.py:350: ConvergenceWarning: The max_iter was reached which means the coef_ did not converge
  warnings.warn(
/Users/vansh/anaconda3/envs/torch-ai/lib/python3.11/site-packages/sklearn/linear_model/_sag.py:350: ConvergenceWarning: The max_iter was reached which means the coef_ did not converge
  warnings.warn(
/Users/vansh/anaconda3/envs/torch-ai/lib/python3.11/site-packages/sklearn/linear_model/_sag.py:350: ConvergenceWarning: The max_iter was reached which means the coef_ did not converge
  warnings.warn(
/Users/vansh/anaconda3/envs/torch-ai/lib/python3.11/site-packages/sklearn/linear_model/_sag.py:350: ConvergenceWarning: The max_iter was reached which means the coef_ did not converge
  warnings.warn(
/Users/vansh/anaconda3/envs/torch-ai/lib/python3.11/site-packages/sklearn/linear_model/_sag.py:350: ConvergenceWarning: The max_iter was reached which means the coef_ did not converge
  warnings.warn(
/Users/vansh/anaconda3/envs/torch-ai/lib/python3.11/site-packages/sklearn/linear_model/_sag.py:350: ConvergenceWarning: The max_iter was reached which means the coef_ did not converge
  warnings.warn(
/Users/vansh/anaconda3/envs/torch-ai/lib/python3.11/site-packages/sklearn/linear_model/_sag.py:350: ConvergenceWarning: The max_iter was reached which means the coef_ did not converge
  warnings.warn(
/Users/vansh/anaconda3/envs/torch-ai/lib/python3.11/site-packages/sklearn/linear_model/_sag.py:350: ConvergenceWarning: The max_iter was reached which means the coef_ did not converge
  warnings.warn(
/Users/vansh/anaconda3/envs/torch-ai/lib/python3.11/site-packages/sklearn/linear_model/_sag.py:350: ConvergenceWarning: The max_iter was reached which means the coef_ did not converge
  warnings.warn(
/Users/vansh/anaconda3/envs/torch-ai/lib/python3.11/site-packages/sklearn/linear_model/_sag.py:350: ConvergenceWarning: The max_iter was reached which means the coef_ did not converge
  warnings.warn(
/Users/vansh/anaconda3/envs/torch-ai/lib/python3.11/site-packages/sklearn/linear_model/_sag.py:350: ConvergenceWarning: The max_iter was reached which means the coef_ did not converge
  warnings.warn(
/Users/vansh/anaconda3/envs/torch-ai/lib/python3.11/site-packages/sklearn/linear_model/_sag.py:350: ConvergenceWarning: The max_iter was reached which means the coef_ did not converge
  warnings.warn(
/Users/vansh/anaconda3/envs/torch-ai/lib/python3.11/site-packages/sklearn/linear_model/_sag.py:350: ConvergenceWarning: The max_iter was reached which means the coef_ did not converge
  warnings.warn(
/Users/vansh/anaconda3/envs/torch-ai/lib/python3.11/site-packages/sklearn/linear_model/_sag.py:350: ConvergenceWarning: The max_iter was reached which means the coef_ did not converge
  warnings.warn(
/Users/vansh/anaconda3/envs/torch-ai/lib/python3.11/site-packages/sklearn/linear_model/_sag.py:350: ConvergenceWarning: The max_iter was reached which means the coef_ did not converge
  warnings.warn(
/Users/vansh/anaconda3/envs/torch-ai/lib/python3.11/site-packages/sklearn/linear_model/_sag.py:350: ConvergenceWarning: The max_iter was reached which means the coef_ did not converge
  warnings.warn(
[CV 1/4] END C=0.001, multi_class=ovr, penalty=l2, random_state=420, solver=saga;, score=(train=0.879, test=0.872) total time=  21.9s
[CV 3/4] END C=0.001, multi_class=ovr, penalty=l2, random_state=420, solver=saga;, score=(train=0.888, test=0.868) total time=  21.9s
/Users/vansh/anaconda3/envs/torch-ai/lib/python3.11/site-packages/sklearn/linear_model/_sag.py:350: ConvergenceWarning: The max_iter was reached which means the coef_ did not converge
  warnings.warn(
[CV 2/4] END C=0.001, multi_class=ovr, penalty=l2, random_state=420, solver=saga;, score=(train=0.881, test=0.859) total time=  22.2s
/Users/vansh/anaconda3/envs/torch-ai/lib/python3.11/site-packages/sklearn/linear_model/_sag.py:350: ConvergenceWarning: The max_iter was reached which means the coef_ did not converge
  warnings.warn(
/Users/vansh/anaconda3/envs/torch-ai/lib/python3.11/site-packages/sklearn/linear_model/_sag.py:350: ConvergenceWarning: The max_iter was reached which means the coef_ did not converge
  warnings.warn(
/Users/vansh/anaconda3/envs/torch-ai/lib/python3.11/site-packages/sklearn/linear_model/_sag.py:350: ConvergenceWarning: The max_iter was reached which means the coef_ did not converge
  warnings.warn(
[CV 4/4] END C=0.001, multi_class=ovr, penalty=l2, random_state=420, solver=saga;, score=(train=0.881, test=0.849) total time=  22.9s
/Users/vansh/anaconda3/envs/torch-ai/lib/python3.11/site-packages/sklearn/linear_model/_sag.py:350: ConvergenceWarning: The max_iter was reached which means the coef_ did not converge
  warnings.warn(
/Users/vansh/anaconda3/envs/torch-ai/lib/python3.11/site-packages/sklearn/linear_model/_sag.py:350: ConvergenceWarning: The max_iter was reached which means the coef_ did not converge
  warnings.warn(
/Users/vansh/anaconda3/envs/torch-ai/lib/python3.11/site-packages/sklearn/linear_model/_sag.py:350: ConvergenceWarning: The max_iter was reached which means the coef_ did not converge
  warnings.warn(
/Users/vansh/anaconda3/envs/torch-ai/lib/python3.11/site-packages/sklearn/linear_model/_sag.py:350: ConvergenceWarning: The max_iter was reached which means the coef_ did not converge
  warnings.warn(
/Users/vansh/anaconda3/envs/torch-ai/lib/python3.11/site-packages/sklearn/linear_model/_sag.py:350: ConvergenceWarning: The max_iter was reached which means the coef_ did not converge
  warnings.warn(
/Users/vansh/anaconda3/envs/torch-ai/lib/python3.11/site-packages/sklearn/linear_model/_sag.py:350: ConvergenceWarning: The max_iter was reached which means the coef_ did not converge
  warnings.warn(
[CV 2/4] END C=0.1, multi_class=ovr, penalty=l1, random_state=420, solver=liblinear;, score=(train=0.938, test=0.882) total time=   2.4s
[CV 1/4] END C=0.1, multi_class=ovr, penalty=l1, random_state=420, solver=liblinear;, score=(train=0.928, test=0.908) total time=   2.6s
/Users/vansh/anaconda3/envs/torch-ai/lib/python3.11/site-packages/sklearn/linear_model/_sag.py:350: ConvergenceWarning: The max_iter was reached which means the coef_ did not converge
  warnings.warn(
/Users/vansh/anaconda3/envs/torch-ai/lib/python3.11/site-packages/sklearn/linear_model/_sag.py:350: ConvergenceWarning: The max_iter was reached which means the coef_ did not converge
  warnings.warn(
[CV 3/4] END C=0.1, multi_class=ovr, penalty=l1, random_state=420, solver=liblinear;, score=(train=0.936, test=0.891) total time=   2.8s
[CV 4/4] END C=0.1, multi_class=ovr, penalty=l1, random_state=420, solver=liblinear;, score=(train=0.934, test=0.891) total time=   2.5s
/Users/vansh/anaconda3/envs/torch-ai/lib/python3.11/site-packages/sklearn/linear_model/_sag.py:350: ConvergenceWarning: The max_iter was reached which means the coef_ did not converge
  warnings.warn(
/Users/vansh/anaconda3/envs/torch-ai/lib/python3.11/site-packages/sklearn/linear_model/_sag.py:350: ConvergenceWarning: The max_iter was reached which means the coef_ did not converge
  warnings.warn(
/Users/vansh/anaconda3/envs/torch-ai/lib/python3.11/site-packages/sklearn/linear_model/_sag.py:350: ConvergenceWarning: The max_iter was reached which means the coef_ did not converge
  warnings.warn(
/Users/vansh/anaconda3/envs/torch-ai/lib/python3.11/site-packages/sklearn/linear_model/_sag.py:350: ConvergenceWarning: The max_iter was reached which means the coef_ did not converge
  warnings.warn(
/Users/vansh/anaconda3/envs/torch-ai/lib/python3.11/site-packages/sklearn/linear_model/_sag.py:350: ConvergenceWarning: The max_iter was reached which means the coef_ did not converge
  warnings.warn(
/Users/vansh/anaconda3/envs/torch-ai/lib/python3.11/site-packages/sklearn/linear_model/_sag.py:350: ConvergenceWarning: The max_iter was reached which means the coef_ did not converge
  warnings.warn(
/Users/vansh/anaconda3/envs/torch-ai/lib/python3.11/site-packages/sklearn/linear_model/_sag.py:350: ConvergenceWarning: The max_iter was reached which means the coef_ did not converge
  warnings.warn(
/Users/vansh/anaconda3/envs/torch-ai/lib/python3.11/site-packages/sklearn/linear_model/_sag.py:350: ConvergenceWarning: The max_iter was reached which means the coef_ did not converge
  warnings.warn(
/Users/vansh/anaconda3/envs/torch-ai/lib/python3.11/site-packages/sklearn/linear_model/_sag.py:350: ConvergenceWarning: The max_iter was reached which means the coef_ did not converge
  warnings.warn(
/Users/vansh/anaconda3/envs/torch-ai/lib/python3.11/site-packages/sklearn/linear_model/_sag.py:350: ConvergenceWarning: The max_iter was reached which means the coef_ did not converge
  warnings.warn(
/Users/vansh/anaconda3/envs/torch-ai/lib/python3.11/site-packages/sklearn/linear_model/_sag.py:350: ConvergenceWarning: The max_iter was reached which means the coef_ did not converge
  warnings.warn(
/Users/vansh/anaconda3/envs/torch-ai/lib/python3.11/site-packages/sklearn/linear_model/_sag.py:350: ConvergenceWarning: The max_iter was reached which means the coef_ did not converge
  warnings.warn(
/Users/vansh/anaconda3/envs/torch-ai/lib/python3.11/site-packages/sklearn/linear_model/_sag.py:350: ConvergenceWarning: The max_iter was reached which means the coef_ did not converge
  warnings.warn(
/Users/vansh/anaconda3/envs/torch-ai/lib/python3.11/site-packages/sklearn/linear_model/_sag.py:350: ConvergenceWarning: The max_iter was reached which means the coef_ did not converge
  warnings.warn(
/Users/vansh/anaconda3/envs/torch-ai/lib/python3.11/site-packages/sklearn/linear_model/_sag.py:350: ConvergenceWarning: The max_iter was reached which means the coef_ did not converge
  warnings.warn(
/Users/vansh/anaconda3/envs/torch-ai/lib/python3.11/site-packages/sklearn/linear_model/_sag.py:350: ConvergenceWarning: The max_iter was reached which means the coef_ did not converge
  warnings.warn(
/Users/vansh/anaconda3/envs/torch-ai/lib/python3.11/site-packages/sklearn/linear_model/_sag.py:350: ConvergenceWarning: The max_iter was reached which means the coef_ did not converge
  warnings.warn(
/Users/vansh/anaconda3/envs/torch-ai/lib/python3.11/site-packages/sklearn/linear_model/_sag.py:350: ConvergenceWarning: The max_iter was reached which means the coef_ did not converge
  warnings.warn(
/Users/vansh/anaconda3/envs/torch-ai/lib/python3.11/site-packages/sklearn/linear_model/_sag.py:350: ConvergenceWarning: The max_iter was reached which means the coef_ did not converge
  warnings.warn(
/Users/vansh/anaconda3/envs/torch-ai/lib/python3.11/site-packages/sklearn/linear_model/_sag.py:350: ConvergenceWarning: The max_iter was reached which means the coef_ did not converge
  warnings.warn(
/Users/vansh/anaconda3/envs/torch-ai/lib/python3.11/site-packages/sklearn/linear_model/_sag.py:350: ConvergenceWarning: The max_iter was reached which means the coef_ did not converge
  warnings.warn(
/Users/vansh/anaconda3/envs/torch-ai/lib/python3.11/site-packages/sklearn/linear_model/_sag.py:350: ConvergenceWarning: The max_iter was reached which means the coef_ did not converge
  warnings.warn(
/Users/vansh/anaconda3/envs/torch-ai/lib/python3.11/site-packages/sklearn/linear_model/_sag.py:350: ConvergenceWarning: The max_iter was reached which means the coef_ did not converge
  warnings.warn(
/Users/vansh/anaconda3/envs/torch-ai/lib/python3.11/site-packages/sklearn/linear_model/_sag.py:350: ConvergenceWarning: The max_iter was reached which means the coef_ did not converge
  warnings.warn(
/Users/vansh/anaconda3/envs/torch-ai/lib/python3.11/site-packages/sklearn/linear_model/_sag.py:350: ConvergenceWarning: The max_iter was reached which means the coef_ did not converge
  warnings.warn(
/Users/vansh/anaconda3/envs/torch-ai/lib/python3.11/site-packages/sklearn/linear_model/_sag.py:350: ConvergenceWarning: The max_iter was reached which means the coef_ did not converge
  warnings.warn(
/Users/vansh/anaconda3/envs/torch-ai/lib/python3.11/site-packages/sklearn/linear_model/_sag.py:350: ConvergenceWarning: The max_iter was reached which means the coef_ did not converge
  warnings.warn(
/Users/vansh/anaconda3/envs/torch-ai/lib/python3.11/site-packages/sklearn/linear_model/_sag.py:350: ConvergenceWarning: The max_iter was reached which means the coef_ did not converge
  warnings.warn(
/Users/vansh/anaconda3/envs/torch-ai/lib/python3.11/site-packages/sklearn/linear_model/_sag.py:350: ConvergenceWarning: The max_iter was reached which means the coef_ did not converge
  warnings.warn(
/Users/vansh/anaconda3/envs/torch-ai/lib/python3.11/site-packages/sklearn/linear_model/_sag.py:350: ConvergenceWarning: The max_iter was reached which means the coef_ did not converge
  warnings.warn(
/Users/vansh/anaconda3/envs/torch-ai/lib/python3.11/site-packages/sklearn/linear_model/_sag.py:350: ConvergenceWarning: The max_iter was reached which means the coef_ did not converge
  warnings.warn(
[CV 2/4] END C=0.01, multi_class=ovr, penalty=l1, random_state=420, solver=saga;, score=(train=0.824, test=0.811) total time=  30.2s
[CV 4/4] END C=0.01, multi_class=ovr, penalty=l1, random_state=420, solver=saga;, score=(train=0.824, test=0.804) total time=  30.2s
/Users/vansh/anaconda3/envs/torch-ai/lib/python3.11/site-packages/sklearn/linear_model/_sag.py:350: ConvergenceWarning: The max_iter was reached which means the coef_ did not converge
  warnings.warn(
/Users/vansh/anaconda3/envs/torch-ai/lib/python3.11/site-packages/sklearn/linear_model/_sag.py:350: ConvergenceWarning: The max_iter was reached which means the coef_ did not converge
  warnings.warn(
[CV 3/4] END C=0.01, multi_class=ovr, penalty=l1, random_state=420, solver=saga;, score=(train=0.830, test=0.807) total time=  30.4s
[CV 1/4] END C=0.01, multi_class=ovr, penalty=l1, random_state=420, solver=saga;, score=(train=0.822, test=0.823) total time=  30.7s
/Users/vansh/anaconda3/envs/torch-ai/lib/python3.11/site-packages/sklearn/linear_model/_sag.py:350: ConvergenceWarning: The max_iter was reached which means the coef_ did not converge
  warnings.warn(
/Users/vansh/anaconda3/envs/torch-ai/lib/python3.11/site-packages/sklearn/linear_model/_sag.py:350: ConvergenceWarning: The max_iter was reached which means the coef_ did not converge
  warnings.warn(
/Users/vansh/anaconda3/envs/torch-ai/lib/python3.11/site-packages/sklearn/linear_model/_sag.py:350: ConvergenceWarning: The max_iter was reached which means the coef_ did not converge
  warnings.warn(
/Users/vansh/anaconda3/envs/torch-ai/lib/python3.11/site-packages/sklearn/linear_model/_sag.py:350: ConvergenceWarning: The max_iter was reached which means the coef_ did not converge
  warnings.warn(
/Users/vansh/anaconda3/envs/torch-ai/lib/python3.11/site-packages/sklearn/linear_model/_sag.py:350: ConvergenceWarning: The max_iter was reached which means the coef_ did not converge
  warnings.warn(
[CV 2/4] END C=0.01, multi_class=ovr, penalty=l2, random_state=420, solver=saga;, score=(train=0.889, test=0.858) total time=  21.3s
/Users/vansh/anaconda3/envs/torch-ai/lib/python3.11/site-packages/sklearn/linear_model/_sag.py:350: ConvergenceWarning: The max_iter was reached which means the coef_ did not converge
  warnings.warn(
/Users/vansh/anaconda3/envs/torch-ai/lib/python3.11/site-packages/sklearn/linear_model/_sag.py:350: ConvergenceWarning: The max_iter was reached which means the coef_ did not converge
  warnings.warn(
/Users/vansh/anaconda3/envs/torch-ai/lib/python3.11/site-packages/sklearn/linear_model/_sag.py:350: ConvergenceWarning: The max_iter was reached which means the coef_ did not converge
  warnings.warn(
[CV 4/4] END C=0.01, multi_class=ovr, penalty=l2, random_state=420, solver=saga;, score=(train=0.885, test=0.850) total time=  21.8s
[CV 1/4] END C=0.01, multi_class=ovr, penalty=l2, random_state=420, solver=saga;, score=(train=0.882, test=0.876) total time=  22.5s
/Users/vansh/anaconda3/envs/torch-ai/lib/python3.11/site-packages/sklearn/linear_model/_sag.py:350: ConvergenceWarning: The max_iter was reached which means the coef_ did not converge
  warnings.warn(
/Users/vansh/anaconda3/envs/torch-ai/lib/python3.11/site-packages/sklearn/linear_model/_sag.py:350: ConvergenceWarning: The max_iter was reached which means the coef_ did not converge
  warnings.warn(
[CV 3/4] END C=0.01, multi_class=ovr, penalty=l2, random_state=420, solver=saga;, score=(train=0.896, test=0.867) total time=  22.3s
/Users/vansh/anaconda3/envs/torch-ai/lib/python3.11/site-packages/sklearn/linear_model/_sag.py:350: ConvergenceWarning: The max_iter was reached which means the coef_ did not converge
  warnings.warn(
/Users/vansh/anaconda3/envs/torch-ai/lib/python3.11/site-packages/sklearn/linear_model/_sag.py:350: ConvergenceWarning: The max_iter was reached which means the coef_ did not converge
  warnings.warn(
/Users/vansh/anaconda3/envs/torch-ai/lib/python3.11/site-packages/sklearn/linear_model/_sag.py:350: ConvergenceWarning: The max_iter was reached which means the coef_ did not converge
  warnings.warn(
/Users/vansh/anaconda3/envs/torch-ai/lib/python3.11/site-packages/sklearn/linear_model/_sag.py:350: ConvergenceWarning: The max_iter was reached which means the coef_ did not converge
  warnings.warn(
/Users/vansh/anaconda3/envs/torch-ai/lib/python3.11/site-packages/sklearn/linear_model/_sag.py:350: ConvergenceWarning: The max_iter was reached which means the coef_ did not converge
  warnings.warn(
/Users/vansh/anaconda3/envs/torch-ai/lib/python3.11/site-packages/sklearn/linear_model/_sag.py:350: ConvergenceWarning: The max_iter was reached which means the coef_ did not converge
  warnings.warn(
/Users/vansh/anaconda3/envs/torch-ai/lib/python3.11/site-packages/sklearn/linear_model/_sag.py:350: ConvergenceWarning: The max_iter was reached which means the coef_ did not converge
  warnings.warn(
/Users/vansh/anaconda3/envs/torch-ai/lib/python3.11/site-packages/sklearn/linear_model/_sag.py:350: ConvergenceWarning: The max_iter was reached which means the coef_ did not converge
  warnings.warn(
/Users/vansh/anaconda3/envs/torch-ai/lib/python3.11/site-packages/sklearn/linear_model/_sag.py:350: ConvergenceWarning: The max_iter was reached which means the coef_ did not converge
  warnings.warn(
/Users/vansh/anaconda3/envs/torch-ai/lib/python3.11/site-packages/sklearn/linear_model/_sag.py:350: ConvergenceWarning: The max_iter was reached which means the coef_ did not converge
  warnings.warn(
/Users/vansh/anaconda3/envs/torch-ai/lib/python3.11/site-packages/sklearn/linear_model/_sag.py:350: ConvergenceWarning: The max_iter was reached which means the coef_ did not converge
  warnings.warn(
/Users/vansh/anaconda3/envs/torch-ai/lib/python3.11/site-packages/sklearn/linear_model/_sag.py:350: ConvergenceWarning: The max_iter was reached which means the coef_ did not converge
  warnings.warn(
/Users/vansh/anaconda3/envs/torch-ai/lib/python3.11/site-packages/sklearn/linear_model/_sag.py:350: ConvergenceWarning: The max_iter was reached which means the coef_ did not converge
  warnings.warn(
/Users/vansh/anaconda3/envs/torch-ai/lib/python3.11/site-packages/sklearn/linear_model/_sag.py:350: ConvergenceWarning: The max_iter was reached which means the coef_ did not converge
  warnings.warn(
/Users/vansh/anaconda3/envs/torch-ai/lib/python3.11/site-packages/sklearn/linear_model/_sag.py:350: ConvergenceWarning: The max_iter was reached which means the coef_ did not converge
  warnings.warn(
/Users/vansh/anaconda3/envs/torch-ai/lib/python3.11/site-packages/sklearn/linear_model/_sag.py:350: ConvergenceWarning: The max_iter was reached which means the coef_ did not converge
  warnings.warn(
/Users/vansh/anaconda3/envs/torch-ai/lib/python3.11/site-packages/sklearn/linear_model/_sag.py:350: ConvergenceWarning: The max_iter was reached which means the coef_ did not converge
  warnings.warn(
/Users/vansh/anaconda3/envs/torch-ai/lib/python3.11/site-packages/sklearn/linear_model/_sag.py:350: ConvergenceWarning: The max_iter was reached which means the coef_ did not converge
  warnings.warn(
/Users/vansh/anaconda3/envs/torch-ai/lib/python3.11/site-packages/sklearn/linear_model/_sag.py:350: ConvergenceWarning: The max_iter was reached which means the coef_ did not converge
  warnings.warn(
/Users/vansh/anaconda3/envs/torch-ai/lib/python3.11/site-packages/sklearn/linear_model/_sag.py:350: ConvergenceWarning: The max_iter was reached which means the coef_ did not converge
  warnings.warn(
/Users/vansh/anaconda3/envs/torch-ai/lib/python3.11/site-packages/sklearn/linear_model/_sag.py:350: ConvergenceWarning: The max_iter was reached which means the coef_ did not converge
  warnings.warn(
/Users/vansh/anaconda3/envs/torch-ai/lib/python3.11/site-packages/sklearn/linear_model/_sag.py:350: ConvergenceWarning: The max_iter was reached which means the coef_ did not converge
  warnings.warn(
/Users/vansh/anaconda3/envs/torch-ai/lib/python3.11/site-packages/sklearn/linear_model/_sag.py:350: ConvergenceWarning: The max_iter was reached which means the coef_ did not converge
  warnings.warn(
/Users/vansh/anaconda3/envs/torch-ai/lib/python3.11/site-packages/sklearn/linear_model/_sag.py:350: ConvergenceWarning: The max_iter was reached which means the coef_ did not converge
  warnings.warn(
/Users/vansh/anaconda3/envs/torch-ai/lib/python3.11/site-packages/sklearn/linear_model/_sag.py:350: ConvergenceWarning: The max_iter was reached which means the coef_ did not converge
  warnings.warn(
/Users/vansh/anaconda3/envs/torch-ai/lib/python3.11/site-packages/sklearn/linear_model/_sag.py:350: ConvergenceWarning: The max_iter was reached which means the coef_ did not converge
  warnings.warn(
/Users/vansh/anaconda3/envs/torch-ai/lib/python3.11/site-packages/sklearn/linear_model/_sag.py:350: ConvergenceWarning: The max_iter was reached which means the coef_ did not converge
  warnings.warn(
/Users/vansh/anaconda3/envs/torch-ai/lib/python3.11/site-packages/sklearn/linear_model/_sag.py:350: ConvergenceWarning: The max_iter was reached which means the coef_ did not converge
  warnings.warn(
/Users/vansh/anaconda3/envs/torch-ai/lib/python3.11/site-packages/sklearn/linear_model/_sag.py:350: ConvergenceWarning: The max_iter was reached which means the coef_ did not converge
  warnings.warn(
/Users/vansh/anaconda3/envs/torch-ai/lib/python3.11/site-packages/sklearn/linear_model/_sag.py:350: ConvergenceWarning: The max_iter was reached which means the coef_ did not converge
  warnings.warn(
/Users/vansh/anaconda3/envs/torch-ai/lib/python3.11/site-packages/sklearn/linear_model/_sag.py:350: ConvergenceWarning: The max_iter was reached which means the coef_ did not converge
  warnings.warn(
/Users/vansh/anaconda3/envs/torch-ai/lib/python3.11/site-packages/sklearn/linear_model/_sag.py:350: ConvergenceWarning: The max_iter was reached which means the coef_ did not converge
  warnings.warn(
/Users/vansh/anaconda3/envs/torch-ai/lib/python3.11/site-packages/sklearn/linear_model/_sag.py:350: ConvergenceWarning: The max_iter was reached which means the coef_ did not converge
  warnings.warn(
[CV 2/4] END C=0.1, multi_class=ovr, penalty=l2, random_state=420, solver=liblinear;, score=(train=0.963, test=0.870) total time=  14.9s
[CV 3/4] END C=0.1, multi_class=ovr, penalty=l2, random_state=420, solver=liblinear;, score=(train=0.962, test=0.883) total time=  14.8s
/Users/vansh/anaconda3/envs/torch-ai/lib/python3.11/site-packages/sklearn/linear_model/_sag.py:350: ConvergenceWarning: The max_iter was reached which means the coef_ did not converge
  warnings.warn(
[CV 1/4] END C=0.1, multi_class=ovr, penalty=l2, random_state=420, solver=liblinear;, score=(train=0.962, test=0.893) total time=  15.3s
[CV 4/4] END C=0.1, multi_class=ovr, penalty=l2, random_state=420, solver=liblinear;, score=(train=0.964, test=0.882) total time=  15.1s
/Users/vansh/anaconda3/envs/torch-ai/lib/python3.11/site-packages/sklearn/linear_model/_sag.py:350: ConvergenceWarning: The max_iter was reached which means the coef_ did not converge
  warnings.warn(
/Users/vansh/anaconda3/envs/torch-ai/lib/python3.11/site-packages/sklearn/linear_model/_sag.py:350: ConvergenceWarning: The max_iter was reached which means the coef_ did not converge
  warnings.warn(
/Users/vansh/anaconda3/envs/torch-ai/lib/python3.11/site-packages/sklearn/linear_model/_sag.py:350: ConvergenceWarning: The max_iter was reached which means the coef_ did not converge
  warnings.warn(
/Users/vansh/anaconda3/envs/torch-ai/lib/python3.11/site-packages/sklearn/linear_model/_sag.py:350: ConvergenceWarning: The max_iter was reached which means the coef_ did not converge
  warnings.warn(
/Users/vansh/anaconda3/envs/torch-ai/lib/python3.11/site-packages/sklearn/linear_model/_sag.py:350: ConvergenceWarning: The max_iter was reached which means the coef_ did not converge
  warnings.warn(
/Users/vansh/anaconda3/envs/torch-ai/lib/python3.11/site-packages/sklearn/linear_model/_sag.py:350: ConvergenceWarning: The max_iter was reached which means the coef_ did not converge
  warnings.warn(
/Users/vansh/anaconda3/envs/torch-ai/lib/python3.11/site-packages/sklearn/linear_model/_sag.py:350: ConvergenceWarning: The max_iter was reached which means the coef_ did not converge
  warnings.warn(
/Users/vansh/anaconda3/envs/torch-ai/lib/python3.11/site-packages/sklearn/linear_model/_sag.py:350: ConvergenceWarning: The max_iter was reached which means the coef_ did not converge
  warnings.warn(
/Users/vansh/anaconda3/envs/torch-ai/lib/python3.11/site-packages/sklearn/linear_model/_sag.py:350: ConvergenceWarning: The max_iter was reached which means the coef_ did not converge
  warnings.warn(
/Users/vansh/anaconda3/envs/torch-ai/lib/python3.11/site-packages/sklearn/linear_model/_sag.py:350: ConvergenceWarning: The max_iter was reached which means the coef_ did not converge
  warnings.warn(
/Users/vansh/anaconda3/envs/torch-ai/lib/python3.11/site-packages/sklearn/linear_model/_sag.py:350: ConvergenceWarning: The max_iter was reached which means the coef_ did not converge
  warnings.warn(
/Users/vansh/anaconda3/envs/torch-ai/lib/python3.11/site-packages/sklearn/linear_model/_sag.py:350: ConvergenceWarning: The max_iter was reached which means the coef_ did not converge
  warnings.warn(
/Users/vansh/anaconda3/envs/torch-ai/lib/python3.11/site-packages/sklearn/linear_model/_sag.py:350: ConvergenceWarning: The max_iter was reached which means the coef_ did not converge
  warnings.warn(
/Users/vansh/anaconda3/envs/torch-ai/lib/python3.11/site-packages/sklearn/linear_model/_sag.py:350: ConvergenceWarning: The max_iter was reached which means the coef_ did not converge
  warnings.warn(
/Users/vansh/anaconda3/envs/torch-ai/lib/python3.11/site-packages/sklearn/linear_model/_sag.py:350: ConvergenceWarning: The max_iter was reached which means the coef_ did not converge
  warnings.warn(
/Users/vansh/anaconda3/envs/torch-ai/lib/python3.11/site-packages/sklearn/linear_model/_sag.py:350: ConvergenceWarning: The max_iter was reached which means the coef_ did not converge
  warnings.warn(
/Users/vansh/anaconda3/envs/torch-ai/lib/python3.11/site-packages/sklearn/linear_model/_sag.py:350: ConvergenceWarning: The max_iter was reached which means the coef_ did not converge
  warnings.warn(
/Users/vansh/anaconda3/envs/torch-ai/lib/python3.11/site-packages/sklearn/linear_model/_sag.py:350: ConvergenceWarning: The max_iter was reached which means the coef_ did not converge
  warnings.warn(
/Users/vansh/anaconda3/envs/torch-ai/lib/python3.11/site-packages/sklearn/linear_model/_sag.py:350: ConvergenceWarning: The max_iter was reached which means the coef_ did not converge
  warnings.warn(
/Users/vansh/anaconda3/envs/torch-ai/lib/python3.11/site-packages/sklearn/linear_model/_sag.py:350: ConvergenceWarning: The max_iter was reached which means the coef_ did not converge
  warnings.warn(
/Users/vansh/anaconda3/envs/torch-ai/lib/python3.11/site-packages/sklearn/linear_model/_sag.py:350: ConvergenceWarning: The max_iter was reached which means the coef_ did not converge
  warnings.warn(
/Users/vansh/anaconda3/envs/torch-ai/lib/python3.11/site-packages/sklearn/linear_model/_sag.py:350: ConvergenceWarning: The max_iter was reached which means the coef_ did not converge
  warnings.warn(
/Users/vansh/anaconda3/envs/torch-ai/lib/python3.11/site-packages/sklearn/linear_model/_sag.py:350: ConvergenceWarning: The max_iter was reached which means the coef_ did not converge
  warnings.warn(
/Users/vansh/anaconda3/envs/torch-ai/lib/python3.11/site-packages/sklearn/linear_model/_sag.py:350: ConvergenceWarning: The max_iter was reached which means the coef_ did not converge
  warnings.warn(
/Users/vansh/anaconda3/envs/torch-ai/lib/python3.11/site-packages/sklearn/linear_model/_sag.py:350: ConvergenceWarning: The max_iter was reached which means the coef_ did not converge
  warnings.warn(
/Users/vansh/anaconda3/envs/torch-ai/lib/python3.11/site-packages/sklearn/linear_model/_sag.py:350: ConvergenceWarning: The max_iter was reached which means the coef_ did not converge
  warnings.warn(
/Users/vansh/anaconda3/envs/torch-ai/lib/python3.11/site-packages/sklearn/linear_model/_sag.py:350: ConvergenceWarning: The max_iter was reached which means the coef_ did not converge
  warnings.warn(
[CV 1/4] END C=0.1, multi_class=ovr, penalty=l2, random_state=420, solver=saga;, score=(train=0.882, test=0.872) total time=  22.3s
/Users/vansh/anaconda3/envs/torch-ai/lib/python3.11/site-packages/sklearn/linear_model/_sag.py:350: ConvergenceWarning: The max_iter was reached which means the coef_ did not converge
  warnings.warn(
/Users/vansh/anaconda3/envs/torch-ai/lib/python3.11/site-packages/sklearn/linear_model/_sag.py:350: ConvergenceWarning: The max_iter was reached which means the coef_ did not converge
  warnings.warn(
[CV 3/4] END C=0.1, multi_class=ovr, penalty=l2, random_state=420, solver=saga;, score=(train=0.897, test=0.864) total time=  21.8s
/Users/vansh/anaconda3/envs/torch-ai/lib/python3.11/site-packages/sklearn/linear_model/_sag.py:350: ConvergenceWarning: The max_iter was reached which means the coef_ did not converge
  warnings.warn(
[CV 2/4] END C=0.1, multi_class=ovr, penalty=l2, random_state=420, solver=saga;, score=(train=0.888, test=0.857) total time=  22.2s
/Users/vansh/anaconda3/envs/torch-ai/lib/python3.11/site-packages/sklearn/linear_model/_sag.py:350: ConvergenceWarning: The max_iter was reached which means the coef_ did not converge
  warnings.warn(
[CV 4/4] END C=0.1, multi_class=ovr, penalty=l2, random_state=420, solver=saga;, score=(train=0.885, test=0.850) total time=  22.1s
/Users/vansh/anaconda3/envs/torch-ai/lib/python3.11/site-packages/sklearn/linear_model/_sag.py:350: ConvergenceWarning: The max_iter was reached which means the coef_ did not converge
  warnings.warn(
[CV 1/4] END C=0.1, multi_class=ovr, penalty=l1, random_state=420, solver=saga;, score=(train=0.876, test=0.871) total time=  35.6s
/Users/vansh/anaconda3/envs/torch-ai/lib/python3.11/site-packages/sklearn/linear_model/_sag.py:350: ConvergenceWarning: The max_iter was reached which means the coef_ did not converge
  warnings.warn(
/Users/vansh/anaconda3/envs/torch-ai/lib/python3.11/site-packages/sklearn/linear_model/_sag.py:350: ConvergenceWarning: The max_iter was reached which means the coef_ did not converge
  warnings.warn(
[CV 3/4] END C=0.1, multi_class=ovr, penalty=l1, random_state=420, solver=saga;, score=(train=0.891, test=0.865) total time=  35.4s
[CV 2/4] END C=0.1, multi_class=ovr, penalty=l1, random_state=420, solver=saga;, score=(train=0.880, test=0.860) total time=  36.0s
/Users/vansh/anaconda3/envs/torch-ai/lib/python3.11/site-packages/sklearn/linear_model/_sag.py:350: ConvergenceWarning: The max_iter was reached which means the coef_ did not converge
  warnings.warn(
/Users/vansh/anaconda3/envs/torch-ai/lib/python3.11/site-packages/sklearn/linear_model/_sag.py:350: ConvergenceWarning: The max_iter was reached which means the coef_ did not converge
  warnings.warn(
/Users/vansh/anaconda3/envs/torch-ai/lib/python3.11/site-packages/sklearn/linear_model/_sag.py:350: ConvergenceWarning: The max_iter was reached which means the coef_ did not converge
  warnings.warn(
[CV 4/4] END C=0.1, multi_class=ovr, penalty=l1, random_state=420, solver=saga;, score=(train=0.880, test=0.850) total time=  35.8s
/Users/vansh/anaconda3/envs/torch-ai/lib/python3.11/site-packages/sklearn/linear_model/_sag.py:350: ConvergenceWarning: The max_iter was reached which means the coef_ did not converge
  warnings.warn(
/Users/vansh/anaconda3/envs/torch-ai/lib/python3.11/site-packages/sklearn/linear_model/_sag.py:350: ConvergenceWarning: The max_iter was reached which means the coef_ did not converge
  warnings.warn(
[CV 3/4] END C=1.0, multi_class=ovr, penalty=l1, random_state=420, solver=liblinear;, score=(train=0.987, test=0.889) total time=  13.9s
[CV 2/4] END C=1.0, multi_class=ovr, penalty=l1, random_state=420, solver=liblinear;, score=(train=0.988, test=0.880) total time=  14.3s
/Users/vansh/anaconda3/envs/torch-ai/lib/python3.11/site-packages/sklearn/linear_model/_sag.py:350: ConvergenceWarning: The max_iter was reached which means the coef_ did not converge
  warnings.warn(
/Users/vansh/anaconda3/envs/torch-ai/lib/python3.11/site-packages/sklearn/linear_model/_sag.py:350: ConvergenceWarning: The max_iter was reached which means the coef_ did not converge
  warnings.warn(
/Users/vansh/anaconda3/envs/torch-ai/lib/python3.11/site-packages/sklearn/linear_model/_sag.py:350: ConvergenceWarning: The max_iter was reached which means the coef_ did not converge
  warnings.warn(
/Users/vansh/anaconda3/envs/torch-ai/lib/python3.11/site-packages/sklearn/linear_model/_sag.py:350: ConvergenceWarning: The max_iter was reached which means the coef_ did not converge
  warnings.warn(
[CV 1/4] END C=1.0, multi_class=ovr, penalty=l1, random_state=420, solver=liblinear;, score=(train=0.986, test=0.886) total time=  17.5s
/Users/vansh/anaconda3/envs/torch-ai/lib/python3.11/site-packages/sklearn/linear_model/_sag.py:350: ConvergenceWarning: The max_iter was reached which means the coef_ did not converge
  warnings.warn(
/Users/vansh/anaconda3/envs/torch-ai/lib/python3.11/site-packages/sklearn/linear_model/_sag.py:350: ConvergenceWarning: The max_iter was reached which means the coef_ did not converge
  warnings.warn(
/Users/vansh/anaconda3/envs/torch-ai/lib/python3.11/site-packages/sklearn/linear_model/_sag.py:350: ConvergenceWarning: The max_iter was reached which means the coef_ did not converge
  warnings.warn(
/Users/vansh/anaconda3/envs/torch-ai/lib/python3.11/site-packages/sklearn/linear_model/_sag.py:350: ConvergenceWarning: The max_iter was reached which means the coef_ did not converge
  warnings.warn(
/Users/vansh/anaconda3/envs/torch-ai/lib/python3.11/site-packages/sklearn/linear_model/_sag.py:350: ConvergenceWarning: The max_iter was reached which means the coef_ did not converge
  warnings.warn(
[CV 4/4] END C=1.0, multi_class=ovr, penalty=l1, random_state=420, solver=liblinear;, score=(train=0.989, test=0.882) total time=  19.4s
/Users/vansh/anaconda3/envs/torch-ai/lib/python3.11/site-packages/sklearn/linear_model/_sag.py:350: ConvergenceWarning: The max_iter was reached which means the coef_ did not converge
  warnings.warn(
/Users/vansh/anaconda3/envs/torch-ai/lib/python3.11/site-packages/sklearn/linear_model/_sag.py:350: ConvergenceWarning: The max_iter was reached which means the coef_ did not converge
  warnings.warn(
/Users/vansh/anaconda3/envs/torch-ai/lib/python3.11/site-packages/sklearn/linear_model/_sag.py:350: ConvergenceWarning: The max_iter was reached which means the coef_ did not converge
  warnings.warn(
/Users/vansh/anaconda3/envs/torch-ai/lib/python3.11/site-packages/sklearn/linear_model/_sag.py:350: ConvergenceWarning: The max_iter was reached which means the coef_ did not converge
  warnings.warn(
/Users/vansh/anaconda3/envs/torch-ai/lib/python3.11/site-packages/sklearn/linear_model/_sag.py:350: ConvergenceWarning: The max_iter was reached which means the coef_ did not converge
  warnings.warn(
/Users/vansh/anaconda3/envs/torch-ai/lib/python3.11/site-packages/sklearn/linear_model/_sag.py:350: ConvergenceWarning: The max_iter was reached which means the coef_ did not converge
  warnings.warn(
/Users/vansh/anaconda3/envs/torch-ai/lib/python3.11/site-packages/sklearn/linear_model/_sag.py:350: ConvergenceWarning: The max_iter was reached which means the coef_ did not converge
  warnings.warn(
/Users/vansh/anaconda3/envs/torch-ai/lib/python3.11/site-packages/sklearn/linear_model/_sag.py:350: ConvergenceWarning: The max_iter was reached which means the coef_ did not converge
  warnings.warn(
/Users/vansh/anaconda3/envs/torch-ai/lib/python3.11/site-packages/sklearn/linear_model/_sag.py:350: ConvergenceWarning: The max_iter was reached which means the coef_ did not converge
  warnings.warn(
/Users/vansh/anaconda3/envs/torch-ai/lib/python3.11/site-packages/sklearn/linear_model/_sag.py:350: ConvergenceWarning: The max_iter was reached which means the coef_ did not converge
  warnings.warn(
/Users/vansh/anaconda3/envs/torch-ai/lib/python3.11/site-packages/sklearn/linear_model/_sag.py:350: ConvergenceWarning: The max_iter was reached which means the coef_ did not converge
  warnings.warn(
/Users/vansh/anaconda3/envs/torch-ai/lib/python3.11/site-packages/sklearn/linear_model/_sag.py:350: ConvergenceWarning: The max_iter was reached which means the coef_ did not converge
  warnings.warn(
/Users/vansh/anaconda3/envs/torch-ai/lib/python3.11/site-packages/sklearn/linear_model/_sag.py:350: ConvergenceWarning: The max_iter was reached which means the coef_ did not converge
  warnings.warn(
/Users/vansh/anaconda3/envs/torch-ai/lib/python3.11/site-packages/sklearn/linear_model/_sag.py:350: ConvergenceWarning: The max_iter was reached which means the coef_ did not converge
  warnings.warn(
/Users/vansh/anaconda3/envs/torch-ai/lib/python3.11/site-packages/sklearn/linear_model/_sag.py:350: ConvergenceWarning: The max_iter was reached which means the coef_ did not converge
  warnings.warn(
/Users/vansh/anaconda3/envs/torch-ai/lib/python3.11/site-packages/sklearn/linear_model/_sag.py:350: ConvergenceWarning: The max_iter was reached which means the coef_ did not converge
  warnings.warn(
/Users/vansh/anaconda3/envs/torch-ai/lib/python3.11/site-packages/sklearn/linear_model/_sag.py:350: ConvergenceWarning: The max_iter was reached which means the coef_ did not converge
  warnings.warn(
/Users/vansh/anaconda3/envs/torch-ai/lib/python3.11/site-packages/sklearn/linear_model/_sag.py:350: ConvergenceWarning: The max_iter was reached which means the coef_ did not converge
  warnings.warn(
/Users/vansh/anaconda3/envs/torch-ai/lib/python3.11/site-packages/sklearn/linear_model/_sag.py:350: ConvergenceWarning: The max_iter was reached which means the coef_ did not converge
  warnings.warn(
/Users/vansh/anaconda3/envs/torch-ai/lib/python3.11/site-packages/sklearn/linear_model/_sag.py:350: ConvergenceWarning: The max_iter was reached which means the coef_ did not converge
  warnings.warn(
/Users/vansh/anaconda3/envs/torch-ai/lib/python3.11/site-packages/sklearn/linear_model/_sag.py:350: ConvergenceWarning: The max_iter was reached which means the coef_ did not converge
  warnings.warn(
/Users/vansh/anaconda3/envs/torch-ai/lib/python3.11/site-packages/sklearn/linear_model/_sag.py:350: ConvergenceWarning: The max_iter was reached which means the coef_ did not converge
  warnings.warn(
/Users/vansh/anaconda3/envs/torch-ai/lib/python3.11/site-packages/sklearn/linear_model/_sag.py:350: ConvergenceWarning: The max_iter was reached which means the coef_ did not converge
  warnings.warn(
/Users/vansh/anaconda3/envs/torch-ai/lib/python3.11/site-packages/sklearn/linear_model/_sag.py:350: ConvergenceWarning: The max_iter was reached which means the coef_ did not converge
  warnings.warn(
/Users/vansh/anaconda3/envs/torch-ai/lib/python3.11/site-packages/sklearn/linear_model/_sag.py:350: ConvergenceWarning: The max_iter was reached which means the coef_ did not converge
  warnings.warn(
/Users/vansh/anaconda3/envs/torch-ai/lib/python3.11/site-packages/sklearn/linear_model/_sag.py:350: ConvergenceWarning: The max_iter was reached which means the coef_ did not converge
  warnings.warn(
/Users/vansh/anaconda3/envs/torch-ai/lib/python3.11/site-packages/sklearn/linear_model/_sag.py:350: ConvergenceWarning: The max_iter was reached which means the coef_ did not converge
  warnings.warn(
/Users/vansh/anaconda3/envs/torch-ai/lib/python3.11/site-packages/sklearn/linear_model/_sag.py:350: ConvergenceWarning: The max_iter was reached which means the coef_ did not converge
  warnings.warn(
/Users/vansh/anaconda3/envs/torch-ai/lib/python3.11/site-packages/sklearn/linear_model/_sag.py:350: ConvergenceWarning: The max_iter was reached which means the coef_ did not converge
  warnings.warn(
/Users/vansh/anaconda3/envs/torch-ai/lib/python3.11/site-packages/sklearn/linear_model/_sag.py:350: ConvergenceWarning: The max_iter was reached which means the coef_ did not converge
  warnings.warn(
/Users/vansh/anaconda3/envs/torch-ai/lib/python3.11/site-packages/sklearn/linear_model/_sag.py:350: ConvergenceWarning: The max_iter was reached which means the coef_ did not converge
  warnings.warn(
/Users/vansh/anaconda3/envs/torch-ai/lib/python3.11/site-packages/sklearn/linear_model/_sag.py:350: ConvergenceWarning: The max_iter was reached which means the coef_ did not converge
  warnings.warn(
/Users/vansh/anaconda3/envs/torch-ai/lib/python3.11/site-packages/sklearn/linear_model/_sag.py:350: ConvergenceWarning: The max_iter was reached which means the coef_ did not converge
  warnings.warn(
/Users/vansh/anaconda3/envs/torch-ai/lib/python3.11/site-packages/sklearn/linear_model/_sag.py:350: ConvergenceWarning: The max_iter was reached which means the coef_ did not converge
  warnings.warn(
/Users/vansh/anaconda3/envs/torch-ai/lib/python3.11/site-packages/sklearn/linear_model/_sag.py:350: ConvergenceWarning: The max_iter was reached which means the coef_ did not converge
  warnings.warn(
/Users/vansh/anaconda3/envs/torch-ai/lib/python3.11/site-packages/sklearn/linear_model/_sag.py:350: ConvergenceWarning: The max_iter was reached which means the coef_ did not converge
  warnings.warn(
/Users/vansh/anaconda3/envs/torch-ai/lib/python3.11/site-packages/sklearn/linear_model/_sag.py:350: ConvergenceWarning: The max_iter was reached which means the coef_ did not converge
  warnings.warn(
/Users/vansh/anaconda3/envs/torch-ai/lib/python3.11/site-packages/sklearn/linear_model/_sag.py:350: ConvergenceWarning: The max_iter was reached which means the coef_ did not converge
  warnings.warn(
/Users/vansh/anaconda3/envs/torch-ai/lib/python3.11/site-packages/sklearn/linear_model/_sag.py:350: ConvergenceWarning: The max_iter was reached which means the coef_ did not converge
  warnings.warn(
/Users/vansh/anaconda3/envs/torch-ai/lib/python3.11/site-packages/sklearn/linear_model/_sag.py:350: ConvergenceWarning: The max_iter was reached which means the coef_ did not converge
  warnings.warn(
/Users/vansh/anaconda3/envs/torch-ai/lib/python3.11/site-packages/sklearn/linear_model/_sag.py:350: ConvergenceWarning: The max_iter was reached which means the coef_ did not converge
  warnings.warn(
/Users/vansh/anaconda3/envs/torch-ai/lib/python3.11/site-packages/sklearn/linear_model/_sag.py:350: ConvergenceWarning: The max_iter was reached which means the coef_ did not converge
  warnings.warn(
/Users/vansh/anaconda3/envs/torch-ai/lib/python3.11/site-packages/sklearn/linear_model/_sag.py:350: ConvergenceWarning: The max_iter was reached which means the coef_ did not converge
  warnings.warn(
/Users/vansh/anaconda3/envs/torch-ai/lib/python3.11/site-packages/sklearn/linear_model/_sag.py:350: ConvergenceWarning: The max_iter was reached which means the coef_ did not converge
  warnings.warn(
/Users/vansh/anaconda3/envs/torch-ai/lib/python3.11/site-packages/sklearn/linear_model/_sag.py:350: ConvergenceWarning: The max_iter was reached which means the coef_ did not converge
  warnings.warn(
/Users/vansh/anaconda3/envs/torch-ai/lib/python3.11/site-packages/sklearn/linear_model/_sag.py:350: ConvergenceWarning: The max_iter was reached which means the coef_ did not converge
  warnings.warn(
/Users/vansh/anaconda3/envs/torch-ai/lib/python3.11/site-packages/sklearn/linear_model/_sag.py:350: ConvergenceWarning: The max_iter was reached which means the coef_ did not converge
  warnings.warn(
/Users/vansh/anaconda3/envs/torch-ai/lib/python3.11/site-packages/sklearn/linear_model/_sag.py:350: ConvergenceWarning: The max_iter was reached which means the coef_ did not converge
  warnings.warn(
[CV 1/4] END C=1.0, multi_class=ovr, penalty=l2, random_state=420, solver=saga;, score=(train=0.882, test=0.871) total time=  21.7s
/Users/vansh/anaconda3/envs/torch-ai/lib/python3.11/site-packages/sklearn/linear_model/_sag.py:350: ConvergenceWarning: The max_iter was reached which means the coef_ did not converge
  warnings.warn(
/Users/vansh/anaconda3/envs/torch-ai/lib/python3.11/site-packages/sklearn/linear_model/_sag.py:350: ConvergenceWarning: The max_iter was reached which means the coef_ did not converge
  warnings.warn(
[CV 2/4] END C=1.0, multi_class=ovr, penalty=l2, random_state=420, solver=saga;, score=(train=0.888, test=0.855) total time=  22.3s
/Users/vansh/anaconda3/envs/torch-ai/lib/python3.11/site-packages/sklearn/linear_model/_sag.py:350: ConvergenceWarning: The max_iter was reached which means the coef_ did not converge
  warnings.warn(
/Users/vansh/anaconda3/envs/torch-ai/lib/python3.11/site-packages/sklearn/linear_model/_sag.py:350: ConvergenceWarning: The max_iter was reached which means the coef_ did not converge
  warnings.warn(
/Users/vansh/anaconda3/envs/torch-ai/lib/python3.11/site-packages/sklearn/linear_model/_sag.py:350: ConvergenceWarning: The max_iter was reached which means the coef_ did not converge
  warnings.warn(
/Users/vansh/anaconda3/envs/torch-ai/lib/python3.11/site-packages/sklearn/linear_model/_sag.py:350: ConvergenceWarning: The max_iter was reached which means the coef_ did not converge
  warnings.warn(
/Users/vansh/anaconda3/envs/torch-ai/lib/python3.11/site-packages/sklearn/linear_model/_sag.py:350: ConvergenceWarning: The max_iter was reached which means the coef_ did not converge
  warnings.warn(
/Users/vansh/anaconda3/envs/torch-ai/lib/python3.11/site-packages/sklearn/linear_model/_sag.py:350: ConvergenceWarning: The max_iter was reached which means the coef_ did not converge
  warnings.warn(
/Users/vansh/anaconda3/envs/torch-ai/lib/python3.11/site-packages/sklearn/linear_model/_sag.py:350: ConvergenceWarning: The max_iter was reached which means the coef_ did not converge
  warnings.warn(
/Users/vansh/anaconda3/envs/torch-ai/lib/python3.11/site-packages/sklearn/linear_model/_sag.py:350: ConvergenceWarning: The max_iter was reached which means the coef_ did not converge
  warnings.warn(
[CV 3/4] END C=1.0, multi_class=ovr, penalty=l2, random_state=420, solver=saga;, score=(train=0.897, test=0.864) total time=  22.3s
[CV 2/4] END C=1.0, multi_class=ovr, penalty=l2, random_state=420, solver=liblinear;, score=(train=0.992, test=0.857) total time=  27.9s
/Users/vansh/anaconda3/envs/torch-ai/lib/python3.11/site-packages/sklearn/linear_model/_sag.py:350: ConvergenceWarning: The max_iter was reached which means the coef_ did not converge
  warnings.warn(
[CV 4/4] END C=1.0, multi_class=ovr, penalty=l2, random_state=420, solver=saga;, score=(train=0.885, test=0.850) total time=  21.5s
[CV 1/4] END C=1.0, multi_class=ovr, penalty=l2, random_state=420, solver=liblinear;, score=(train=0.991, test=0.873) total time=  28.9s
/Users/vansh/anaconda3/envs/torch-ai/lib/python3.11/site-packages/sklearn/linear_model/_sag.py:350: ConvergenceWarning: The max_iter was reached which means the coef_ did not converge
  warnings.warn(
/Users/vansh/anaconda3/envs/torch-ai/lib/python3.11/site-packages/sklearn/linear_model/_sag.py:350: ConvergenceWarning: The max_iter was reached which means the coef_ did not converge
  warnings.warn(
[CV 3/4] END C=1.0, multi_class=ovr, penalty=l2, random_state=420, solver=liblinear;, score=(train=0.991, test=0.869) total time=  28.6s
/Users/vansh/anaconda3/envs/torch-ai/lib/python3.11/site-packages/sklearn/linear_model/_sag.py:350: ConvergenceWarning: The max_iter was reached which means the coef_ did not converge
  warnings.warn(
[CV 4/4] END C=1.0, multi_class=ovr, penalty=l2, random_state=420, solver=liblinear;, score=(train=0.992, test=0.868) total time=  28.5s
/Users/vansh/anaconda3/envs/torch-ai/lib/python3.11/site-packages/sklearn/linear_model/_sag.py:350: ConvergenceWarning: The max_iter was reached which means the coef_ did not converge
  warnings.warn(
/Users/vansh/anaconda3/envs/torch-ai/lib/python3.11/site-packages/sklearn/linear_model/_sag.py:350: ConvergenceWarning: The max_iter was reached which means the coef_ did not converge
  warnings.warn(
/Users/vansh/anaconda3/envs/torch-ai/lib/python3.11/site-packages/sklearn/linear_model/_sag.py:350: ConvergenceWarning: The max_iter was reached which means the coef_ did not converge
  warnings.warn(
[CV 1/4] END C=1.0, multi_class=ovr, penalty=l1, random_state=420, solver=saga;, score=(train=0.881, test=0.873) total time=  34.4s
[CV 2/4] END C=1.0, multi_class=ovr, penalty=l1, random_state=420, solver=saga;, score=(train=0.887, test=0.855) total time=  34.3s
/Users/vansh/anaconda3/envs/torch-ai/lib/python3.11/site-packages/sklearn/linear_model/_sag.py:350: ConvergenceWarning: The max_iter was reached which means the coef_ did not converge
  warnings.warn(
/Users/vansh/anaconda3/envs/torch-ai/lib/python3.11/site-packages/sklearn/linear_model/_sag.py:350: ConvergenceWarning: The max_iter was reached which means the coef_ did not converge
  warnings.warn(
[CV 3/4] END C=1.0, multi_class=ovr, penalty=l1, random_state=420, solver=saga;, score=(train=0.896, test=0.864) total time=  34.6s
[CV 4/4] END C=1.0, multi_class=ovr, penalty=l1, random_state=420, solver=saga;, score=(train=0.884, test=0.851) total time=  34.5s
